*** Using Compiler 'V6.21', folder: 'C:\Keil_v5\ARM\ARMCLANG\Bin'
Rebuild target 'stm32f103c8t6_znjj'
compiling gpio.c...
compiling stm32f1xx_hal_timebase_tim.c...
compiling stm32f1xx_it.c...
compiling stm32f1xx_hal_tim_ex.c...
compiling stm32f1xx_hal_tim.c...
compiling usart.c...
compiling stm32f1xx_hal.c...
compiling stm32f1xx_hal_gpio.c...
compiling stm32f1xx_hal_dma.c...
compiling stm32f1xx_hal_rcc_ex.c...
compiling stm32f1xx_hal_gpio_ex.c...
compiling main.c...
compiling stm32f1xx_hal_msp.c...
compiling stm32f1xx_hal_cortex.c...
assembling startup_stm32f103xb.s...
compiling stm32f1xx_hal_rcc.c...
compiling stm32f1xx_hal_pwr.c...
compiling stm32f1xx_hal_flash.c...
compiling stm32f1xx_hal_flash_ex.c...
compiling stm32f1xx_hal_exti.c...
compiling system_stm32f1xx.c...
compiling cmd.c...
compiling msh_file.c...
compiling cpuport.c...
compiling msh_parse.c...
compiling shell.c...
compiling clock.c...
compiling msh.c...
compiling oled.c...
compiling components.c...
compiling cpu.c...
compiling board.c...
compiling stm32f1xx_hal_uart.c...
compiling idle.c...
compiling ipc.c...
compiling mem.c...
compiling irq.c...
compiling memheap.c...
compiling kservice.c...
compiling mempool.c...
assembling context_rvds.S...
compiling signal.c...
compiling object.c...
compiling scheduler.c...
compiling timer.c...
compiling slab.c...
compiling thread.c...
linking...
Program Size: Code=13958 RO-data=10558 RW-data=96 ZI-data=19112  
FromELF: creating hex file...
"stm32f103c8t6_znjj\stm32f103c8t6_znjj.axf" - 0 Error(s), 0 Warning(s).
Build Time Elapsed:  00:00:04
